Flow report for controlecooler
Sat Jun 17 17:55:19 2017
Quartus II 64-Bit Version 13.0.1 Build 232 06/12/2013 Service Pack 1 SJ Web Edition


---------------------
; Table of Contents ;
---------------------
  1. Legal Notice
  2. Flow Summary
  3. Flow Settings
  4. Flow Non-Default Global Settings
  5. Flow Elapsed Time
  6. Flow OS Summary
  7. Flow Log
  8. Flow Messages
  9. Flow Suppressed Messages



----------------
; Legal Notice ;
----------------
Copyright (C) 1991-2013 Altera Corporation
Your use of Altera Corporation's design tools, logic functions 
and other software and tools, and its AMPP partner logic 
functions, and any output files from any of the foregoing 
(including device programming or simulation files), and any 
associated documentation or information are expressly subject 
to the terms and conditions of the Altera Program License 
Subscription Agreement, Altera MegaCore Function License 
Agreement, or other applicable license agreement, including, 
without limitation, that your use is for the sole purpose of 
programming logic devices manufactured by Altera and sold by 
Altera or its authorized distributors.  Please refer to the 
applicable agreement for further details.



+--------------------------------------------------------------------------------------+
; Flow Summary                                                                         ;
+------------------------------------+-------------------------------------------------+
; Flow Status                        ; Successful - Sat Jun 17 17:55:19 2017           ;
; Quartus II 64-Bit Version          ; 13.0.1 Build 232 06/12/2013 SP 1 SJ Web Edition ;
; Revision Name                      ; controlecooler                                  ;
; Top-level Entity Name              ; 5to3bits                                        ;
; Family                             ; Cyclone II                                      ;
; Device                             ; EP2C35F672C6                                    ;
; Timing Models                      ; Final                                           ;
; Total logic elements               ; 6 / 33,216 ( < 1 % )                            ;
;     Total combinational functions  ; 6 / 33,216 ( < 1 % )                            ;
;     Dedicated logic registers      ; 0 / 33,216 ( 0 % )                              ;
; Total registers                    ; 0                                               ;
; Total pins                         ; 8 / 475 ( 2 % )                                 ;
; Total virtual pins                 ; 0                                               ;
; Total memory bits                  ; 0 / 483,840 ( 0 % )                             ;
; Embedded Multiplier 9-bit elements ; 0 / 70 ( 0 % )                                  ;
; Total PLLs                         ; 0 / 4 ( 0 % )                                   ;
+------------------------------------+-------------------------------------------------+


+-----------------------------------------+
; Flow Settings                           ;
+-------------------+---------------------+
; Option            ; Setting             ;
+-------------------+---------------------+
; Start date & time ; 06/17/2017 17:52:40 ;
; Main task         ; Compilation         ;
; Revision Name     ; controlecooler      ;
+-------------------+---------------------+


+-----------------------------------------------------------------------------------------------------------------------------+
; Flow Non-Default Global Settings                                                                                            ;
+-------------------------------------+---------------------------------------+----------------+-------------+----------------+
; Assignment Name                     ; Value                                 ; Default Value  ; Entity Name ; Section Id     ;
+-------------------------------------+---------------------------------------+----------------+-------------+----------------+
; COMPILER_SIGNATURE_ID               ; 141812757352707.149773276007383       ; --             ; --          ; --             ;
; EDA_GENERATE_FUNCTIONAL_NETLIST     ; On                                    ; --             ; --          ; eda_simulation ;
; EDA_OUTPUT_DATA_FORMAT              ; Verilog Hdl                           ; --             ; --          ; eda_simulation ;
; EDA_SIMULATION_TOOL                 ; ModelSim-Altera (Verilog)             ; <None>         ; --          ; --             ;
; IP_TOOL_NAME                        ; LPM_COUNTER                           ; --             ; --          ; --             ;
; IP_TOOL_NAME                        ; LPM_COMPARE                           ; --             ; --          ; --             ;
; IP_TOOL_NAME                        ; LPM_MUX                               ; --             ; --          ; --             ;
; IP_TOOL_NAME                        ; LPM_COUNTER                           ; --             ; --          ; --             ;
; IP_TOOL_NAME                        ; LPM_COMPARE                           ; --             ; --          ; --             ;
; IP_TOOL_NAME                        ; LPM_COUNTER                           ; --             ; --          ; --             ;
; IP_TOOL_NAME                        ; LPM_COMPARE                           ; --             ; --          ; --             ;
; IP_TOOL_NAME                        ; LPM_COMPARE                           ; --             ; --          ; --             ;
; IP_TOOL_NAME                        ; LPM_COMPARE                           ; --             ; --          ; --             ;
; IP_TOOL_NAME                        ; LPM_COMPARE                           ; --             ; --          ; --             ;
; IP_TOOL_NAME                        ; LPM_COMPARE                           ; --             ; --          ; --             ;
; IP_TOOL_VERSION                     ; 13.0                                  ; --             ; --          ; --             ;
; IP_TOOL_VERSION                     ; 13.0                                  ; --             ; --          ; --             ;
; IP_TOOL_VERSION                     ; 13.0                                  ; --             ; --          ; --             ;
; IP_TOOL_VERSION                     ; 13.0                                  ; --             ; --          ; --             ;
; IP_TOOL_VERSION                     ; 13.0                                  ; --             ; --          ; --             ;
; IP_TOOL_VERSION                     ; 13.0                                  ; --             ; --          ; --             ;
; IP_TOOL_VERSION                     ; 13.0                                  ; --             ; --          ; --             ;
; IP_TOOL_VERSION                     ; 13.0                                  ; --             ; --          ; --             ;
; IP_TOOL_VERSION                     ; 13.0                                  ; --             ; --          ; --             ;
; IP_TOOL_VERSION                     ; 13.0                                  ; --             ; --          ; --             ;
; IP_TOOL_VERSION                     ; 13.0                                  ; --             ; --          ; --             ;
; MAX_CORE_JUNCTION_TEMP              ; 85                                    ; --             ; --          ; --             ;
; MIN_CORE_JUNCTION_TEMP              ; 0                                     ; --             ; --          ; --             ;
; MISC_FILE                           ; lpm_counter3.bsf                      ; --             ; --          ; --             ;
; MISC_FILE                           ; lpm_counter3.cmp                      ; --             ; --          ; --             ;
; MISC_FILE                           ; lpm_compare1.bsf                      ; --             ; --          ; --             ;
; MISC_FILE                           ; lpm_compare1.cmp                      ; --             ; --          ; --             ;
; MISC_FILE                           ; lpm_mux0.bsf                          ; --             ; --          ; --             ;
; MISC_FILE                           ; lpm_mux0.cmp                          ; --             ; --          ; --             ;
; MISC_FILE                           ; lpm_counter4.bsf                      ; --             ; --          ; --             ;
; MISC_FILE                           ; lpm_counter4.cmp                      ; --             ; --          ; --             ;
; MISC_FILE                           ; lpm_compare2.bsf                      ; --             ; --          ; --             ;
; MISC_FILE                           ; lpm_compare2.cmp                      ; --             ; --          ; --             ;
; MISC_FILE                           ; lpm_counter5.bsf                      ; --             ; --          ; --             ;
; MISC_FILE                           ; lpm_counter5.cmp                      ; --             ; --          ; --             ;
; MISC_FILE                           ; lpm_compare3.bsf                      ; --             ; --          ; --             ;
; MISC_FILE                           ; lpm_compare3.cmp                      ; --             ; --          ; --             ;
; MISC_FILE                           ; lpm_compare4.bsf                      ; --             ; --          ; --             ;
; MISC_FILE                           ; lpm_compare4.cmp                      ; --             ; --          ; --             ;
; MISC_FILE                           ; lpm_compare5.bsf                      ; --             ; --          ; --             ;
; MISC_FILE                           ; lpm_compare5.cmp                      ; --             ; --          ; --             ;
; MISC_FILE                           ; lpm_compare6.bsf                      ; --             ; --          ; --             ;
; MISC_FILE                           ; lpm_compare6.cmp                      ; --             ; --          ; --             ;
; MISC_FILE                           ; lpm_compare7.bsf                      ; --             ; --          ; --             ;
; MISC_FILE                           ; lpm_compare7.cmp                      ; --             ; --          ; --             ;
; PARTITION_COLOR                     ; 16764057                              ; --             ; 5to3bits    ; Top            ;
; PARTITION_FITTER_PRESERVATION_LEVEL ; PLACEMENT_AND_ROUTING                 ; --             ; 5to3bits    ; Top            ;
; PARTITION_NETLIST_TYPE              ; SOURCE                                ; --             ; 5to3bits    ; Top            ;
; POWER_BOARD_THERMAL_MODEL           ; None (CONSERVATIVE)                   ; --             ; --          ; --             ;
; POWER_PRESET_COOLING_SOLUTION       ; 23 MM HEAT SINK WITH 200 LFPM AIRFLOW ; --             ; --          ; --             ;
; PROJECT_OUTPUT_DIRECTORY            ; output_files                          ; --             ; --          ; --             ;
; TOP_LEVEL_ENTITY                    ; 5to3bits                              ; controlecooler ; --          ; --             ;
+-------------------------------------+---------------------------------------+----------------+-------------+----------------+


+-------------------------------------------------------------------------------------------------------------------------------+
; Flow Elapsed Time                                                                                                             ;
+---------------------------+--------------+-------------------------+---------------------+------------------------------------+
; Module Name               ; Elapsed Time ; Average Processors Used ; Peak Virtual Memory ; Total CPU Time (on all processors) ;
+---------------------------+--------------+-------------------------+---------------------+------------------------------------+
; Analysis & Synthesis      ; 00:00:01     ; 1.0                     ; 624 MB              ; 00:00:01                           ;
; Fitter                    ; 00:00:04     ; 1.0                     ; 746 MB              ; 00:00:04                           ;
; Assembler                 ; 00:00:02     ; 1.0                     ; 576 MB              ; 00:00:02                           ;
; TimeQuest Timing Analyzer ; 00:00:00     ; 1.0                     ; 536 MB              ; 00:00:00                           ;
; EDA Netlist Writer        ; 00:00:00     ; 1.0                     ; 788 MB              ; 00:00:00                           ;
; EDA Netlist Writer        ; 00:00:00     ; 1.0                     ; 829 MB              ; 00:00:00                           ;
; Total                     ; 00:00:07     ; --                      ; --                  ; 00:00:07                           ;
+---------------------------+--------------+-------------------------+---------------------+------------------------------------+


+---------------------------------------------------------------------------------------------------------+
; Flow OS Summary                                                                                         ;
+---------------------------+----------------------------+---------------+---------------+----------------+
; Module Name               ; Machine Hostname           ; OS Name       ; OS Version    ; Processor type ;
+---------------------------+----------------------------+---------------+---------------+----------------+
; Analysis & Synthesis      ; igormacedo-Galago-UltraPro ; elementary OS ; elementary OS ; x86_64         ;
; Fitter                    ; igormacedo-Galago-UltraPro ; elementary OS ; elementary OS ; x86_64         ;
; Assembler                 ; igormacedo-Galago-UltraPro ; elementary OS ; elementary OS ; x86_64         ;
; TimeQuest Timing Analyzer ; igormacedo-Galago-UltraPro ; elementary OS ; elementary OS ; x86_64         ;
; EDA Netlist Writer        ; igormacedo-Galago-UltraPro ; elementary OS ; elementary OS ; x86_64         ;
; EDA Netlist Writer        ; igormacedo-Galago-UltraPro ; elementary OS ; elementary OS ; x86_64         ;
+---------------------------+----------------------------+---------------+---------------+----------------+


------------
; Flow Log ;
------------
quartus_map --read_settings_files=on --write_settings_files=off controlecooler -c controlecooler
quartus_fit --read_settings_files=off --write_settings_files=off controlecooler -c controlecooler
quartus_asm --read_settings_files=off --write_settings_files=off controlecooler -c controlecooler
quartus_sta controlecooler -c controlecooler
quartus_eda --read_settings_files=off --write_settings_files=off controlecooler -c controlecooler
quartus_eda --gen_testbench --check_outputs=on --tool=modelsim_oem --format=verilog controlecooler -c controlecooler --vector_source=/home/igormacedo/ufrn-sistemasdigitais/unidade3/simulation/simulation.vwf --testbench_file=./simulation/qsim/controlecooler.vt



