EDA Netlist Writer report for controlecooler
Sat Jun 17 17:55:19 2017
Quartus II 64-Bit Version 13.0.1 Build 232 06/12/2013 Service Pack 1 SJ Web Edition


---------------------
; Table of Contents ;
---------------------
  1. Legal Notice
  2. EDA Netlist Writer Summary
  3. EDA Netlist Writer Messages



----------------
; Legal Notice ;
----------------
Copyright (C) 1991-2013 Altera Corporation
Your use of Altera Corporation's design tools, logic functions 
and other software and tools, and its AMPP partner logic 
functions, and any output files from any of the foregoing 
(including device programming or simulation files), and any 
associated documentation or information are expressly subject 
to the terms and conditions of the Altera Program License 
Subscription Agreement, Altera MegaCore Function License 
Agreement, or other applicable license agreement, including, 
without limitation, that your use is for the sole purpose of 
programming logic devices manufactured by Altera and sold by 
Altera or its authorized distributors.  Please refer to the 
applicable agreement for further details.



+-------------------------------------------------------------------+
; EDA Netlist Writer Summary                                        ;
+---------------------------+---------------------------------------+
; EDA Netlist Writer Status ; Successful - Sat Jun 17 17:55:19 2017 ;
; Revision Name             ; controlecooler                        ;
; Top-level Entity Name     ; 5to3bits                              ;
; Family                    ; Cyclone II                            ;
+---------------------------+---------------------------------------+


+-----------------------------+
; EDA Netlist Writer Messages ;
+-----------------------------+
Info: *******************************************************************
Info: Running Quartus II 64-Bit EDA Netlist Writer
    Info: Version 13.0.1 Build 232 06/12/2013 Service Pack 1 SJ Web Edition
    Info: Processing started: Sat Jun 17 17:55:19 2017
Info: Command: quartus_eda --gen_testbench --check_outputs=on --tool=modelsim_oem --format=verilog controlecooler -c controlecooler --vector_source=/home/igormacedo/ufrn-sistemasdigitais/unidade3/simulation/simulation.vwf --testbench_file=./simulation/qsim/controlecooler.vt
Info (201000): Generated Verilog Test Bench File ./simulation/qsim/controlecooler.vt for simulation
Info: Quartus II 64-Bit EDA Netlist Writer was successful. 0 errors, 0 warnings
    Info: Peak virtual memory: 829 megabytes
    Info: Processing ended: Sat Jun 17 17:55:19 2017
    Info: Elapsed time: 00:00:00
    Info: Total CPU time (on all processors): 00:00:00


